2012/09/01 12:22:08 [error] [exception.CDbException] exception 'CDbException' with message 'CDbConnection failed to open the DB connection: SQLSTATE[42000] [1049] Unknown database 'breastfeeding_dev'' in /Applications/XAMPP/xamppfiles/htdocs/yii/framework/db/CDbConnection.php:382
Stack trace:
#0 /Applications/XAMPP/xamppfiles/htdocs/yii/framework/db/CDbConnection.php(331): CDbConnection->open()
#1 /Applications/XAMPP/xamppfiles/htdocs/yii/framework/db/CDbConnection.php(309): CDbConnection->setActive(true)
#2 /Applications/XAMPP/xamppfiles/htdocs/yii/framework/base/CModule.php(388): CDbConnection->init()
#3 /Applications/XAMPP/xamppfiles/htdocs/yii/framework/cli/commands/MigrateCommand.php(443): CModule->getComponent('db')
#4 /Applications/XAMPP/xamppfiles/htdocs/yii/framework/cli/commands/MigrateCommand.php(452): MigrateCommand->getDbConnection()
#5 /Applications/XAMPP/xamppfiles/htdocs/yii/framework/cli/commands/MigrateCommand.php(483): MigrateCommand->getMigrationHistory(-1)
#6 /Applications/XAMPP/xamppfiles/htdocs/yii/framework/cli/commands/MigrateCommand.php(85): MigrateCommand->getNewMigrations()
#7 [internal function]: MigrateCommand->actionUp(Array)
#8 /Applications/XAMPP/xamppfiles/htdocs/yii/framework/console/CConsoleCommand.php(173): ReflectionMethod->invokeArgs(Object(MigrateCommand), Array)
#9 /Applications/XAMPP/xamppfiles/htdocs/yii/framework/console/CConsoleCommandRunner.php(68): CConsoleCommand->run(Array)
#10 /Applications/XAMPP/xamppfiles/htdocs/yii/framework/console/CConsoleApplication.php(92): CConsoleCommandRunner->run(Array)
#11 /Applications/XAMPP/xamppfiles/htdocs/yii/framework/base/CApplication.php(162): CConsoleApplication->processRequest()
#12 /Applications/XAMPP/xamppfiles/htdocs/yii/framework/yiic.php(34): CApplication->run()
#13 /Applications/XAMPP/xamppfiles/htdocs/breastfeeding/protected/yiic.php(7): require_once('/Applications/X...')
#14 /Applications/XAMPP/xamppfiles/htdocs/breastfeeding/protected/yiic(4): require_once('/Applications/X...')
#15 {main}
---
2012/09/01 12:22:37 [error] [system.db.CDbCommand] CDbCommand::fetchAll() failed: SQLSTATE[42S02]: Base table or view not found: 1146 Table 'breastfeeding_dev.tbl_migration' doesn't exist. The SQL statement executed was: SHOW COLUMNS FROM `tbl_migration`.
2012/09/01 12:22:38 [error] [system.db.CDbCommand] CDbCommand::execute() failed: SQLSTATE[42000]: Syntax error or access violation: 1064 You have an error in your SQL syntax; check the manual that corresponds to your MySQL server version for the right syntax to use near 'pk auto_increment,
	`info` text,
	`first_name` varchar(50) not null,
	`last_name' at line 2. The SQL statement executed was: CREATE TABLE `tbl_user` (
	`id` int(11) pk auto_increment,
	`info` text,
	`first_name` varchar(50) not null,
	`last_name` varchar(50) not null,
	`email` varchar(200) not null,
	`confirmed_email` tinyint(1),
	`dob` datetime,
	`date_joined` datetime,
	`profile_pic` text
).
2012/09/01 12:22:38 [error] [exception.CDbException] exception 'CDbException' with message 'CDbCommand failed to execute the SQL statement: SQLSTATE[42000]: Syntax error or access violation: 1064 You have an error in your SQL syntax; check the manual that corresponds to your MySQL server version for the right syntax to use near 'pk auto_increment,
	`info` text,
	`first_name` varchar(50) not null,
	`last_name' at line 2. The SQL statement executed was: CREATE TABLE `tbl_user` (
	`id` int(11) pk auto_increment,
	`info` text,
	`first_name` varchar(50) not null,
	`last_name` varchar(50) not null,
	`email` varchar(200) not null,
	`confirmed_email` tinyint(1),
	`dob` datetime,
	`date_joined` datetime,
	`profile_pic` text
)' in /Applications/XAMPP/xamppfiles/htdocs/yii/framework/db/CDbCommand.php:354
Stack trace:
#0 /Applications/XAMPP/xamppfiles/htdocs/yii/framework/db/CDbCommand.php(1251): CDbCommand->execute()
#1 /Applications/XAMPP/xamppfiles/htdocs/yii/framework/db/CDbMigration.php(229): CDbCommand->createTable('tbl_user', Array, NULL)
#2 /Applications/XAMPP/xamppfiles/htdocs/breastfeeding/protected/migrations/m120901_090838_create_table_user.php(18): CDbMigration->createTable('tbl_user', Array)
#3 /Applications/XAMPP/xamppfiles/htdocs/yii/framework/cli/commands/MigrateCommand.php(386): m120901_090838_create_table_user->up()
#4 /Applications/XAMPP/xamppfiles/htdocs/yii/framework/cli/commands/MigrateCommand.php(110): MigrateCommand->migrateUp('m120901_090838_...')
#5 [internal function]: MigrateCommand->actionUp(Array)
#6 /Applications/XAMPP/xamppfiles/htdocs/yii/framework/console/CConsoleCommand.php(173): ReflectionMethod->invokeArgs(Object(MigrateCommand), Array)
#7 /Applications/XAMPP/xamppfiles/htdocs/yii/framework/console/CConsoleCommandRunner.php(68): CConsoleCommand->run(Array)
#8 /Applications/XAMPP/xamppfiles/htdocs/yii/framework/console/CConsoleApplication.php(92): CConsoleCommandRunner->run(Array)
#9 /Applications/XAMPP/xamppfiles/htdocs/yii/framework/base/CApplication.php(162): CConsoleApplication->processRequest()
#10 /Applications/XAMPP/xamppfiles/htdocs/yii/framework/yiic.php(34): CApplication->run()
#11 /Applications/XAMPP/xamppfiles/htdocs/breastfeeding/protected/yiic.php(7): require_once('/Applications/X...')
#12 /Applications/XAMPP/xamppfiles/htdocs/breastfeeding/protected/yiic(4): require_once('/Applications/X...')
#13 {main}
---
2012/09/01 12:24:23 [error] [system.db.CDbCommand] CDbCommand::execute() failed: SQLSTATE[42000]: Syntax error or access violation: 1064 You have an error in your SQL syntax; check the manual that corresponds to your MySQL server version for the right syntax to use near 'auto_increment,
	`info` text,
	`first_name` varchar(50) not null,
	`last_name` v' at line 2. The SQL statement executed was: CREATE TABLE `tbl_user` (
	`id` integer,pk,auto_increment,
	`info` text,
	`first_name` varchar(50) not null,
	`last_name` varchar(50) not null,
	`email` varchar(200) not null,
	`confirmed_email` tinyint(1),
	`dob` datetime,
	`date_joined` datetime,
	`profile_pic` text
).
2012/09/01 12:24:23 [error] [exception.CDbException] exception 'CDbException' with message 'CDbCommand failed to execute the SQL statement: SQLSTATE[42000]: Syntax error or access violation: 1064 You have an error in your SQL syntax; check the manual that corresponds to your MySQL server version for the right syntax to use near 'auto_increment,
	`info` text,
	`first_name` varchar(50) not null,
	`last_name` v' at line 2. The SQL statement executed was: CREATE TABLE `tbl_user` (
	`id` integer,pk,auto_increment,
	`info` text,
	`first_name` varchar(50) not null,
	`last_name` varchar(50) not null,
	`email` varchar(200) not null,
	`confirmed_email` tinyint(1),
	`dob` datetime,
	`date_joined` datetime,
	`profile_pic` text
)' in /Applications/XAMPP/xamppfiles/htdocs/yii/framework/db/CDbCommand.php:354
Stack trace:
#0 /Applications/XAMPP/xamppfiles/htdocs/yii/framework/db/CDbCommand.php(1251): CDbCommand->execute()
#1 /Applications/XAMPP/xamppfiles/htdocs/yii/framework/db/CDbMigration.php(229): CDbCommand->createTable('tbl_user', Array, NULL)
#2 /Applications/XAMPP/xamppfiles/htdocs/breastfeeding/protected/migrations/m120901_090838_create_table_user.php(18): CDbMigration->createTable('tbl_user', Array)
#3 /Applications/XAMPP/xamppfiles/htdocs/yii/framework/cli/commands/MigrateCommand.php(386): m120901_090838_create_table_user->up()
#4 /Applications/XAMPP/xamppfiles/htdocs/yii/framework/cli/commands/MigrateCommand.php(110): MigrateCommand->migrateUp('m120901_090838_...')
#5 [internal function]: MigrateCommand->actionUp(Array)
#6 /Applications/XAMPP/xamppfiles/htdocs/yii/framework/console/CConsoleCommand.php(173): ReflectionMethod->invokeArgs(Object(MigrateCommand), Array)
#7 /Applications/XAMPP/xamppfiles/htdocs/yii/framework/console/CConsoleCommandRunner.php(68): CConsoleCommand->run(Array)
#8 /Applications/XAMPP/xamppfiles/htdocs/yii/framework/console/CConsoleApplication.php(92): CConsoleCommandRunner->run(Array)
#9 /Applications/XAMPP/xamppfiles/htdocs/yii/framework/base/CApplication.php(162): CConsoleApplication->processRequest()
#10 /Applications/XAMPP/xamppfiles/htdocs/yii/framework/yiic.php(34): CApplication->run()
#11 /Applications/XAMPP/xamppfiles/htdocs/breastfeeding/protected/yiic.php(7): require_once('/Applications/X...')
#12 /Applications/XAMPP/xamppfiles/htdocs/breastfeeding/protected/yiic(4): require_once('/Applications/X...')
#13 {main}
---
2012/09/01 12:25:01 [error] [system.db.CDbCommand] CDbCommand::execute() failed: SQLSTATE[42000]: Syntax error or access violation: 1075 Incorrect table definition; there can be only one auto column and it must be defined as a key. The SQL statement executed was: CREATE TABLE `tbl_user` (
	`id` int(11) auto_increment,
	`info` text,
	`first_name` varchar(50) not null,
	`last_name` varchar(50) not null,
	`email` varchar(200) not null,
	`confirmed_email` tinyint(1),
	`dob` datetime,
	`date_joined` datetime,
	`profile_pic` text
).
2012/09/01 12:25:01 [error] [exception.CDbException] exception 'CDbException' with message 'CDbCommand failed to execute the SQL statement: SQLSTATE[42000]: Syntax error or access violation: 1075 Incorrect table definition; there can be only one auto column and it must be defined as a key. The SQL statement executed was: CREATE TABLE `tbl_user` (
	`id` int(11) auto_increment,
	`info` text,
	`first_name` varchar(50) not null,
	`last_name` varchar(50) not null,
	`email` varchar(200) not null,
	`confirmed_email` tinyint(1),
	`dob` datetime,
	`date_joined` datetime,
	`profile_pic` text
)' in /Applications/XAMPP/xamppfiles/htdocs/yii/framework/db/CDbCommand.php:354
Stack trace:
#0 /Applications/XAMPP/xamppfiles/htdocs/yii/framework/db/CDbCommand.php(1251): CDbCommand->execute()
#1 /Applications/XAMPP/xamppfiles/htdocs/yii/framework/db/CDbMigration.php(229): CDbCommand->createTable('tbl_user', Array, NULL)
#2 /Applications/XAMPP/xamppfiles/htdocs/breastfeeding/protected/migrations/m120901_090838_create_table_user.php(18): CDbMigration->createTable('tbl_user', Array)
#3 /Applications/XAMPP/xamppfiles/htdocs/yii/framework/cli/commands/MigrateCommand.php(386): m120901_090838_create_table_user->up()
#4 /Applications/XAMPP/xamppfiles/htdocs/yii/framework/cli/commands/MigrateCommand.php(110): MigrateCommand->migrateUp('m120901_090838_...')
#5 [internal function]: MigrateCommand->actionUp(Array)
#6 /Applications/XAMPP/xamppfiles/htdocs/yii/framework/console/CConsoleCommand.php(173): ReflectionMethod->invokeArgs(Object(MigrateCommand), Array)
#7 /Applications/XAMPP/xamppfiles/htdocs/yii/framework/console/CConsoleCommandRunner.php(68): CConsoleCommand->run(Array)
#8 /Applications/XAMPP/xamppfiles/htdocs/yii/framework/console/CConsoleApplication.php(92): CConsoleCommandRunner->run(Array)
#9 /Applications/XAMPP/xamppfiles/htdocs/yii/framework/base/CApplication.php(162): CConsoleApplication->processRequest()
#10 /Applications/XAMPP/xamppfiles/htdocs/yii/framework/yiic.php(34): CApplication->run()
#11 /Applications/XAMPP/xamppfiles/htdocs/breastfeeding/protected/yiic.php(7): require_once('/Applications/X...')
#12 /Applications/XAMPP/xamppfiles/htdocs/breastfeeding/protected/yiic(4): require_once('/Applications/X...')
#13 {main}
---
2012/09/01 12:25:44 [error] [system.db.CDbCommand] CDbCommand::execute() failed: SQLSTATE[42000]: Syntax error or access violation: 1064 You have an error in your SQL syntax; check the manual that corresponds to your MySQL server version for the right syntax to use near 'pk auto_increment,
	`info` text,
	`first_name` varchar(50) not null,
	`last_name' at line 2. The SQL statement executed was: CREATE TABLE `tbl_user` (
	`id` int(11) pk auto_increment,
	`info` text,
	`first_name` varchar(50) not null,
	`last_name` varchar(50) not null,
	`email` varchar(200) not null,
	`confirmed_email` tinyint(1),
	`dob` datetime,
	`date_joined` datetime,
	`profile_pic` text
).
2012/09/01 12:25:44 [error] [exception.CDbException] exception 'CDbException' with message 'CDbCommand failed to execute the SQL statement: SQLSTATE[42000]: Syntax error or access violation: 1064 You have an error in your SQL syntax; check the manual that corresponds to your MySQL server version for the right syntax to use near 'pk auto_increment,
	`info` text,
	`first_name` varchar(50) not null,
	`last_name' at line 2. The SQL statement executed was: CREATE TABLE `tbl_user` (
	`id` int(11) pk auto_increment,
	`info` text,
	`first_name` varchar(50) not null,
	`last_name` varchar(50) not null,
	`email` varchar(200) not null,
	`confirmed_email` tinyint(1),
	`dob` datetime,
	`date_joined` datetime,
	`profile_pic` text
)' in /Applications/XAMPP/xamppfiles/htdocs/yii/framework/db/CDbCommand.php:354
Stack trace:
#0 /Applications/XAMPP/xamppfiles/htdocs/yii/framework/db/CDbCommand.php(1251): CDbCommand->execute()
#1 /Applications/XAMPP/xamppfiles/htdocs/yii/framework/db/CDbMigration.php(229): CDbCommand->createTable('tbl_user', Array, NULL)
#2 /Applications/XAMPP/xamppfiles/htdocs/breastfeeding/protected/migrations/m120901_090838_create_table_user.php(18): CDbMigration->createTable('tbl_user', Array)
#3 /Applications/XAMPP/xamppfiles/htdocs/yii/framework/cli/commands/MigrateCommand.php(386): m120901_090838_create_table_user->up()
#4 /Applications/XAMPP/xamppfiles/htdocs/yii/framework/cli/commands/MigrateCommand.php(110): MigrateCommand->migrateUp('m120901_090838_...')
#5 [internal function]: MigrateCommand->actionUp(Array)
#6 /Applications/XAMPP/xamppfiles/htdocs/yii/framework/console/CConsoleCommand.php(173): ReflectionMethod->invokeArgs(Object(MigrateCommand), Array)
#7 /Applications/XAMPP/xamppfiles/htdocs/yii/framework/console/CConsoleCommandRunner.php(68): CConsoleCommand->run(Array)
#8 /Applications/XAMPP/xamppfiles/htdocs/yii/framework/console/CConsoleApplication.php(92): CConsoleCommandRunner->run(Array)
#9 /Applications/XAMPP/xamppfiles/htdocs/yii/framework/base/CApplication.php(162): CConsoleApplication->processRequest()
#10 /Applications/XAMPP/xamppfiles/htdocs/yii/framework/yiic.php(34): CApplication->run()
#11 /Applications/XAMPP/xamppfiles/htdocs/breastfeeding/protected/yiic.php(7): require_once('/Applications/X...')
#12 /Applications/XAMPP/xamppfiles/htdocs/breastfeeding/protected/yiic(4): require_once('/Applications/X...')
#13 {main}
---
2012/09/01 12:27:11 [error] [system.db.CDbCommand] CDbCommand::execute() failed: SQLSTATE[42000]: Syntax error or access violation: 1064 You have an error in your SQL syntax; check the manual that corresponds to your MySQL server version for the right syntax to use near 'pk AUTO_INCREMENT,
	`info` text,
	`first_name` varchar(50) not null,
	`last_name' at line 2. The SQL statement executed was: CREATE TABLE `tbl_user` (
	`id` int(11) pk AUTO_INCREMENT,
	`info` text,
	`first_name` varchar(50) not null,
	`last_name` varchar(50) not null,
	`email` varchar(200) not null,
	`confirmed_email` tinyint(1),
	`dob` datetime,
	`date_joined` datetime,
	`profile_pic` text
).
2012/09/01 12:27:11 [error] [exception.CDbException] exception 'CDbException' with message 'CDbCommand failed to execute the SQL statement: SQLSTATE[42000]: Syntax error or access violation: 1064 You have an error in your SQL syntax; check the manual that corresponds to your MySQL server version for the right syntax to use near 'pk AUTO_INCREMENT,
	`info` text,
	`first_name` varchar(50) not null,
	`last_name' at line 2. The SQL statement executed was: CREATE TABLE `tbl_user` (
	`id` int(11) pk AUTO_INCREMENT,
	`info` text,
	`first_name` varchar(50) not null,
	`last_name` varchar(50) not null,
	`email` varchar(200) not null,
	`confirmed_email` tinyint(1),
	`dob` datetime,
	`date_joined` datetime,
	`profile_pic` text
)' in /Applications/XAMPP/xamppfiles/htdocs/yii/framework/db/CDbCommand.php:354
Stack trace:
#0 /Applications/XAMPP/xamppfiles/htdocs/yii/framework/db/CDbCommand.php(1251): CDbCommand->execute()
#1 /Applications/XAMPP/xamppfiles/htdocs/yii/framework/db/CDbMigration.php(229): CDbCommand->createTable('tbl_user', Array, NULL)
#2 /Applications/XAMPP/xamppfiles/htdocs/breastfeeding/protected/migrations/m120901_090838_create_table_user.php(18): CDbMigration->createTable('tbl_user', Array)
#3 /Applications/XAMPP/xamppfiles/htdocs/yii/framework/cli/commands/MigrateCommand.php(386): m120901_090838_create_table_user->up()
#4 /Applications/XAMPP/xamppfiles/htdocs/yii/framework/cli/commands/MigrateCommand.php(110): MigrateCommand->migrateUp('m120901_090838_...')
#5 [internal function]: MigrateCommand->actionUp(Array)
#6 /Applications/XAMPP/xamppfiles/htdocs/yii/framework/console/CConsoleCommand.php(173): ReflectionMethod->invokeArgs(Object(MigrateCommand), Array)
#7 /Applications/XAMPP/xamppfiles/htdocs/yii/framework/console/CConsoleCommandRunner.php(68): CConsoleCommand->run(Array)
#8 /Applications/XAMPP/xamppfiles/htdocs/yii/framework/console/CConsoleApplication.php(92): CConsoleCommandRunner->run(Array)
#9 /Applications/XAMPP/xamppfiles/htdocs/yii/framework/base/CApplication.php(162): CConsoleApplication->processRequest()
#10 /Applications/XAMPP/xamppfiles/htdocs/yii/framework/yiic.php(34): CApplication->run()
#11 /Applications/XAMPP/xamppfiles/htdocs/breastfeeding/protected/yiic.php(7): require_once('/Applications/X...')
#12 /Applications/XAMPP/xamppfiles/htdocs/breastfeeding/protected/yiic(4): require_once('/Applications/X...')
#13 {main}
---
2012/09/01 12:43:20 [error] [system.db.CDbCommand] CDbCommand::execute() failed: SQLSTATE[42000]: Syntax error or access violation: 1064 You have an error in your SQL syntax; check the manual that corresponds to your MySQL server version for the right syntax to use near 'date_time,
	`content` text
)' at line 6. The SQL statement executed was: CREATE TABLE `tbl_thread` (
	`id` int(11) NOT NULL AUTO_INCREMENT PRIMARY KEY auto_increment,
	`user_id` int(11),
	`title` varchar(200),
	`created_at` datetime,
	`updated_at` date_time,
	`content` text
).
2012/09/01 12:43:20 [error] [exception.CDbException] exception 'CDbException' with message 'CDbCommand failed to execute the SQL statement: SQLSTATE[42000]: Syntax error or access violation: 1064 You have an error in your SQL syntax; check the manual that corresponds to your MySQL server version for the right syntax to use near 'date_time,
	`content` text
)' at line 6. The SQL statement executed was: CREATE TABLE `tbl_thread` (
	`id` int(11) NOT NULL AUTO_INCREMENT PRIMARY KEY auto_increment,
	`user_id` int(11),
	`title` varchar(200),
	`created_at` datetime,
	`updated_at` date_time,
	`content` text
)' in /Applications/XAMPP/xamppfiles/htdocs/yii/framework/db/CDbCommand.php:354
Stack trace:
#0 /Applications/XAMPP/xamppfiles/htdocs/yii/framework/db/CDbCommand.php(1251): CDbCommand->execute()
#1 /Applications/XAMPP/xamppfiles/htdocs/yii/framework/db/CDbMigration.php(229): CDbCommand->createTable('tbl_thread', Array, NULL)
#2 /Applications/XAMPP/xamppfiles/htdocs/breastfeeding/protected/migrations/m120901_093120_create_table_thread.php(14): CDbMigration->createTable('tbl_thread', Array)
#3 /Applications/XAMPP/xamppfiles/htdocs/yii/framework/cli/commands/MigrateCommand.php(386): m120901_093120_create_table_thread->up()
#4 /Applications/XAMPP/xamppfiles/htdocs/yii/framework/cli/commands/MigrateCommand.php(110): MigrateCommand->migrateUp('m120901_093120_...')
#5 [internal function]: MigrateCommand->actionUp(Array)
#6 /Applications/XAMPP/xamppfiles/htdocs/yii/framework/console/CConsoleCommand.php(173): ReflectionMethod->invokeArgs(Object(MigrateCommand), Array)
#7 /Applications/XAMPP/xamppfiles/htdocs/yii/framework/console/CConsoleCommandRunner.php(68): CConsoleCommand->run(Array)
#8 /Applications/XAMPP/xamppfiles/htdocs/yii/framework/console/CConsoleApplication.php(92): CConsoleCommandRunner->run(Array)
#9 /Applications/XAMPP/xamppfiles/htdocs/yii/framework/base/CApplication.php(162): CConsoleApplication->processRequest()
#10 /Applications/XAMPP/xamppfiles/htdocs/yii/framework/yiic.php(34): CApplication->run()
#11 /Applications/XAMPP/xamppfiles/htdocs/breastfeeding/protected/yiic.php(7): require_once('/Applications/X...')
#12 /Applications/XAMPP/xamppfiles/htdocs/breastfeeding/protected/yiic(4): require_once('/Applications/X...')
#13 {main}
---
2012/09/01 12:44:36 [error] [php] Missing argument 2 for CDbMigration::dropForeignKey(), called in /Applications/XAMPP/xamppfiles/htdocs/breastfeeding/protected/migrations/m120901_093120_create_table_thread.php on line 24 and defined (/Applications/XAMPP/xamppfiles/htdocs/yii/framework/db/CDbMigration.php:353)
Stack trace:
#0 /Applications/XAMPP/xamppfiles/htdocs/yii/framework/cli/commands/MigrateCommand.php(146): MigrateCommand->migrateDown()
#1 unknown(0): MigrateCommand->actionDown()
#2 /Applications/XAMPP/xamppfiles/htdocs/yii/framework/console/CConsoleCommand.php(173): ReflectionMethod->invokeArgs()
#3 /Applications/XAMPP/xamppfiles/htdocs/yii/framework/console/CConsoleCommandRunner.php(68): MigrateCommand->run()
#4 /Applications/XAMPP/xamppfiles/htdocs/yii/framework/console/CConsoleApplication.php(92): CConsoleCommandRunner->run()
#5 /Applications/XAMPP/xamppfiles/htdocs/yii/framework/base/CApplication.php(162): CConsoleApplication->processRequest()
#6 /Applications/XAMPP/xamppfiles/htdocs/yii/framework/yiic.php(34): CConsoleApplication->run()
#7 /Applications/XAMPP/xamppfiles/htdocs/breastfeeding/protected/yiic.php(7): require_once()
#8 /Applications/XAMPP/xamppfiles/htdocs/breastfeeding/protected/yiic(4): require_once()

2012/09/01 12:44:58 [error] [php] Missing argument 2 for CDbMigration::dropForeignKey(), called in /Applications/XAMPP/xamppfiles/htdocs/breastfeeding/protected/migrations/m120901_093120_create_table_thread.php on line 23 and defined (/Applications/XAMPP/xamppfiles/htdocs/yii/framework/db/CDbMigration.php:353)
Stack trace:
#0 /Applications/XAMPP/xamppfiles/htdocs/yii/framework/cli/commands/MigrateCommand.php(146): MigrateCommand->migrateDown()
#1 unknown(0): MigrateCommand->actionDown()
#2 /Applications/XAMPP/xamppfiles/htdocs/yii/framework/console/CConsoleCommand.php(173): ReflectionMethod->invokeArgs()
#3 /Applications/XAMPP/xamppfiles/htdocs/yii/framework/console/CConsoleCommandRunner.php(68): MigrateCommand->run()
#4 /Applications/XAMPP/xamppfiles/htdocs/yii/framework/console/CConsoleApplication.php(92): CConsoleCommandRunner->run()
#5 /Applications/XAMPP/xamppfiles/htdocs/yii/framework/base/CApplication.php(162): CConsoleApplication->processRequest()
#6 /Applications/XAMPP/xamppfiles/htdocs/yii/framework/yiic.php(34): CConsoleApplication->run()
#7 /Applications/XAMPP/xamppfiles/htdocs/breastfeeding/protected/yiic.php(7): require_once()
#8 /Applications/XAMPP/xamppfiles/htdocs/breastfeeding/protected/yiic(4): require_once()

2012/09/01 12:45:22 [error] [system.db.CDbCommand] CDbCommand::execute() failed: SQLSTATE[42S02]: Base table or view not found: 1146 Table 'breastfeeding_dev.tbl_thread' doesn't exist. The SQL statement executed was: ALTER TABLE `tbl_thread` DROP FOREIGN KEY `user_id`.
2012/09/01 12:45:22 [error] [exception.CDbException] exception 'CDbException' with message 'CDbCommand failed to execute the SQL statement: SQLSTATE[42S02]: Base table or view not found: 1146 Table 'breastfeeding_dev.tbl_thread' doesn't exist. The SQL statement executed was: ALTER TABLE `tbl_thread` DROP FOREIGN KEY `user_id`' in /Applications/XAMPP/xamppfiles/htdocs/yii/framework/db/CDbCommand.php:354
Stack trace:
#0 /Applications/XAMPP/xamppfiles/htdocs/yii/framework/db/CDbCommand.php(1374): CDbCommand->execute()
#1 /Applications/XAMPP/xamppfiles/htdocs/yii/framework/db/CDbMigration.php(357): CDbCommand->dropForeignKey('user_id', 'tbl_thread')
#2 /Applications/XAMPP/xamppfiles/htdocs/breastfeeding/protected/migrations/m120901_093120_create_table_thread.php(23): CDbMigration->dropForeignKey('user_id', 'tbl_thread')
#3 /Applications/XAMPP/xamppfiles/htdocs/yii/framework/cli/commands/MigrateCommand.php(411): m120901_093120_create_table_thread->down()
#4 /Applications/XAMPP/xamppfiles/htdocs/yii/framework/cli/commands/MigrateCommand.php(146): MigrateCommand->migrateDown('m120901_093120_...')
#5 [internal function]: MigrateCommand->actionDown(Array)
#6 /Applications/XAMPP/xamppfiles/htdocs/yii/framework/console/CConsoleCommand.php(173): ReflectionMethod->invokeArgs(Object(MigrateCommand), Array)
#7 /Applications/XAMPP/xamppfiles/htdocs/yii/framework/console/CConsoleCommandRunner.php(68): CConsoleCommand->run(Array)
#8 /Applications/XAMPP/xamppfiles/htdocs/yii/framework/console/CConsoleApplication.php(92): CConsoleCommandRunner->run(Array)
#9 /Applications/XAMPP/xamppfiles/htdocs/yii/framework/base/CApplication.php(162): CConsoleApplication->processRequest()
#10 /Applications/XAMPP/xamppfiles/htdocs/yii/framework/yiic.php(34): CApplication->run()
#11 /Applications/XAMPP/xamppfiles/htdocs/breastfeeding/protected/yiic.php(7): require_once('/Applications/X...')
#12 /Applications/XAMPP/xamppfiles/htdocs/breastfeeding/protected/yiic(4): require_once('/Applications/X...')
#13 {main}
---
2012/09/01 12:46:27 [error] [system.db.CDbCommand] CDbCommand::fetchAll() failed: SQLSTATE[42S02]: Base table or view not found: 1146 Table 'breastfeeding_dev.tbl_migration' doesn't exist. The SQL statement executed was: SHOW COLUMNS FROM `tbl_migration`.
2012/09/01 12:46:29 [error] [system.db.CDbCommand] CDbCommand::execute() failed: SQLSTATE[42S01]: Base table or view already exists: 1050 Table 'tbl_user' already exists. The SQL statement executed was: CREATE TABLE `tbl_user` (
	`id` int(11) NOT NULL AUTO_INCREMENT PRIMARY KEY AUTO_INCREMENT,
	`info` text,
	`first_name` varchar(50) not null,
	`last_name` varchar(50) not null,
	`email` varchar(200) not null,
	`confirmed_email` tinyint(1),
	`dob` datetime,
	`date_joined` datetime,
	`profile_pic` text
).
2012/09/01 12:46:29 [error] [exception.CDbException] exception 'CDbException' with message 'CDbCommand failed to execute the SQL statement: SQLSTATE[42S01]: Base table or view already exists: 1050 Table 'tbl_user' already exists. The SQL statement executed was: CREATE TABLE `tbl_user` (
	`id` int(11) NOT NULL AUTO_INCREMENT PRIMARY KEY AUTO_INCREMENT,
	`info` text,
	`first_name` varchar(50) not null,
	`last_name` varchar(50) not null,
	`email` varchar(200) not null,
	`confirmed_email` tinyint(1),
	`dob` datetime,
	`date_joined` datetime,
	`profile_pic` text
)' in /Applications/XAMPP/xamppfiles/htdocs/yii/framework/db/CDbCommand.php:354
Stack trace:
#0 /Applications/XAMPP/xamppfiles/htdocs/yii/framework/db/CDbCommand.php(1251): CDbCommand->execute()
#1 /Applications/XAMPP/xamppfiles/htdocs/yii/framework/db/CDbMigration.php(229): CDbCommand->createTable('tbl_user', Array, NULL)
#2 /Applications/XAMPP/xamppfiles/htdocs/breastfeeding/protected/migrations/m120901_090838_create_table_user.php(18): CDbMigration->createTable('tbl_user', Array)
#3 /Applications/XAMPP/xamppfiles/htdocs/yii/framework/cli/commands/MigrateCommand.php(386): m120901_090838_create_table_user->up()
#4 /Applications/XAMPP/xamppfiles/htdocs/yii/framework/cli/commands/MigrateCommand.php(110): MigrateCommand->migrateUp('m120901_090838_...')
#5 [internal function]: MigrateCommand->actionUp(Array)
#6 /Applications/XAMPP/xamppfiles/htdocs/yii/framework/console/CConsoleCommand.php(173): ReflectionMethod->invokeArgs(Object(MigrateCommand), Array)
#7 /Applications/XAMPP/xamppfiles/htdocs/yii/framework/console/CConsoleCommandRunner.php(68): CConsoleCommand->run(Array)
#8 /Applications/XAMPP/xamppfiles/htdocs/yii/framework/console/CConsoleApplication.php(92): CConsoleCommandRunner->run(Array)
#9 /Applications/XAMPP/xamppfiles/htdocs/yii/framework/base/CApplication.php(162): CConsoleApplication->processRequest()
#10 /Applications/XAMPP/xamppfiles/htdocs/yii/framework/yiic.php(34): CApplication->run()
#11 /Applications/XAMPP/xamppfiles/htdocs/breastfeeding/protected/yiic.php(7): require_once('/Applications/X...')
#12 /Applications/XAMPP/xamppfiles/htdocs/breastfeeding/protected/yiic(4): require_once('/Applications/X...')
#13 {main}
---
2012/09/01 13:06:54 [error] [system.db.CDbCommand] CDbCommand::execute() failed: SQLSTATE[42S01]: Base table or view already exists: 1050 Table 'tbl_thread' already exists. The SQL statement executed was: CREATE TABLE `tbl_thread` (
	`id` int(11) NOT NULL AUTO_INCREMENT PRIMARY KEY auto_increment,
	`user_id` int(11) not null,
	`title` varchar(200) not null,
	`created_at` datetime,
	`updated_at` datetime,
	`content` text not null
).
2012/09/01 13:06:54 [error] [exception.CDbException] exception 'CDbException' with message 'CDbCommand failed to execute the SQL statement: SQLSTATE[42S01]: Base table or view already exists: 1050 Table 'tbl_thread' already exists. The SQL statement executed was: CREATE TABLE `tbl_thread` (
	`id` int(11) NOT NULL AUTO_INCREMENT PRIMARY KEY auto_increment,
	`user_id` int(11) not null,
	`title` varchar(200) not null,
	`created_at` datetime,
	`updated_at` datetime,
	`content` text not null
)' in /Applications/XAMPP/xamppfiles/htdocs/yii/framework/db/CDbCommand.php:354
Stack trace:
#0 /Applications/XAMPP/xamppfiles/htdocs/yii/framework/db/CDbCommand.php(1251): CDbCommand->execute()
#1 /Applications/XAMPP/xamppfiles/htdocs/yii/framework/db/CDbMigration.php(229): CDbCommand->createTable('tbl_thread', Array, NULL)
#2 /Applications/XAMPP/xamppfiles/htdocs/breastfeeding/protected/migrations/m120901_093120_create_table_thread.php(14): CDbMigration->createTable('tbl_thread', Array)
#3 /Applications/XAMPP/xamppfiles/htdocs/yii/framework/cli/commands/MigrateCommand.php(386): m120901_093120_create_table_thread->up()
#4 /Applications/XAMPP/xamppfiles/htdocs/yii/framework/cli/commands/MigrateCommand.php(110): MigrateCommand->migrateUp('m120901_093120_...')
#5 [internal function]: MigrateCommand->actionUp(Array)
#6 /Applications/XAMPP/xamppfiles/htdocs/yii/framework/console/CConsoleCommand.php(173): ReflectionMethod->invokeArgs(Object(MigrateCommand), Array)
#7 /Applications/XAMPP/xamppfiles/htdocs/yii/framework/console/CConsoleCommandRunner.php(68): CConsoleCommand->run(Array)
#8 /Applications/XAMPP/xamppfiles/htdocs/yii/framework/console/CConsoleApplication.php(92): CConsoleCommandRunner->run(Array)
#9 /Applications/XAMPP/xamppfiles/htdocs/yii/framework/base/CApplication.php(162): CConsoleApplication->processRequest()
#10 /Applications/XAMPP/xamppfiles/htdocs/yii/framework/yiic.php(34): CApplication->run()
#11 /Applications/XAMPP/xamppfiles/htdocs/breastfeeding/protected/yiic.php(7): require_once('/Applications/X...')
#12 /Applications/XAMPP/xamppfiles/htdocs/breastfeeding/protected/yiic(4): require_once('/Applications/X...')
#13 {main}
---
2012/09/01 13:07:14 [error] [system.db.CDbCommand] CDbCommand::execute() failed: SQLSTATE[42000]: Syntax error or access violation: 1072 Key column 'category_id' doesn't exist in table. The SQL statement executed was: ALTER TABLE `tbl_thread` ADD CONSTRAINT `category_id` FOREIGN KEY (`category_id`) REFERENCES `tbl_category` (`id`) ON DELETE no action ON UPDATE no action.
2012/09/01 13:07:14 [error] [exception.CDbException] exception 'CDbException' with message 'CDbCommand failed to execute the SQL statement: SQLSTATE[42000]: Syntax error or access violation: 1072 Key column 'category_id' doesn't exist in table. The SQL statement executed was: ALTER TABLE `tbl_thread` ADD CONSTRAINT `category_id` FOREIGN KEY (`category_id`) REFERENCES `tbl_category` (`id`) ON DELETE no action ON UPDATE no action' in /Applications/XAMPP/xamppfiles/htdocs/yii/framework/db/CDbCommand.php:354
Stack trace:
#0 /Applications/XAMPP/xamppfiles/htdocs/yii/framework/db/CDbCommand.php(1362): CDbCommand->execute()
#1 /Applications/XAMPP/xamppfiles/htdocs/yii/framework/db/CDbMigration.php(344): CDbCommand->addForeignKey('category_id', 'tbl_thread', 'category_id', 'tbl_category', 'id', 'no action', 'no action')
#2 /Applications/XAMPP/xamppfiles/htdocs/breastfeeding/protected/migrations/m120901_100051_add_foreign_keys_to_table_tbl_thread.php(12): CDbMigration->addForeignKey('category_id', 'tbl_thread', 'category_id', 'tbl_category', 'id', 'no action', 'no action')
#3 /Applications/XAMPP/xamppfiles/htdocs/yii/framework/cli/commands/MigrateCommand.php(386): m120901_100051_add_foreign_keys_to_table_tbl_thread->up()
#4 /Applications/XAMPP/xamppfiles/htdocs/yii/framework/cli/commands/MigrateCommand.php(110): MigrateCommand->migrateUp('m120901_100051_...')
#5 [internal function]: MigrateCommand->actionUp(Array)
#6 /Applications/XAMPP/xamppfiles/htdocs/yii/framework/console/CConsoleCommand.php(173): ReflectionMethod->invokeArgs(Object(MigrateCommand), Array)
#7 /Applications/XAMPP/xamppfiles/htdocs/yii/framework/console/CConsoleCommandRunner.php(68): CConsoleCommand->run(Array)
#8 /Applications/XAMPP/xamppfiles/htdocs/yii/framework/console/CConsoleApplication.php(92): CConsoleCommandRunner->run(Array)
#9 /Applications/XAMPP/xamppfiles/htdocs/yii/framework/base/CApplication.php(162): CConsoleApplication->processRequest()
#10 /Applications/XAMPP/xamppfiles/htdocs/yii/framework/yiic.php(34): CApplication->run()
#11 /Applications/XAMPP/xamppfiles/htdocs/breastfeeding/protected/yiic.php(7): require_once('/Applications/X...')
#12 /Applications/XAMPP/xamppfiles/htdocs/breastfeeding/protected/yiic(4): require_once('/Applications/X...')
#13 {main}
---
2012/09/01 13:09:09 [error] [system.db.CDbCommand] CDbCommand::fetchAll() failed: SQLSTATE[42S02]: Base table or view not found: 1146 Table 'breastfeeding_dev.tbl_migration' doesn't exist. The SQL statement executed was: SHOW COLUMNS FROM `tbl_migration`.
2012/09/01 13:13:09 [error] [system.db.CDbCommand] CDbCommand::fetchAll() failed: SQLSTATE[42S02]: Base table or view not found: 1146 Table 'breastfeeding_dev.tbl_migration' doesn't exist. The SQL statement executed was: SHOW COLUMNS FROM `tbl_migration`.
2012/09/01 13:13:12 [error] [system.db.CDbCommand] CDbCommand::execute() failed: SQLSTATE[HY000]: General error: 1005 Can't create table 'breastfeeding_dev.#sql-3cc_1c' (errno: 121). The SQL statement executed was: ALTER TABLE `tbl_category` ADD CONSTRAINT `user_id` FOREIGN KEY (`user_id`) REFERENCES `tbl_user` (`id`) ON DELETE no action ON UPDATE no action.
2012/09/01 13:13:12 [error] [exception.CDbException] exception 'CDbException' with message 'CDbCommand failed to execute the SQL statement: SQLSTATE[HY000]: General error: 1005 Can't create table 'breastfeeding_dev.#sql-3cc_1c' (errno: 121). The SQL statement executed was: ALTER TABLE `tbl_category` ADD CONSTRAINT `user_id` FOREIGN KEY (`user_id`) REFERENCES `tbl_user` (`id`) ON DELETE no action ON UPDATE no action' in /Applications/XAMPP/xamppfiles/htdocs/yii/framework/db/CDbCommand.php:354
Stack trace:
#0 /Applications/XAMPP/xamppfiles/htdocs/yii/framework/db/CDbCommand.php(1362): CDbCommand->execute()
#1 /Applications/XAMPP/xamppfiles/htdocs/yii/framework/db/CDbMigration.php(344): CDbCommand->addForeignKey('user_id', 'tbl_category', 'user_id', 'tbl_user', 'id', 'no action', 'no action')
#2 /Applications/XAMPP/xamppfiles/htdocs/breastfeeding/protected/migrations/m120901_101018_add_foreign_keys_to_tbl_category.php(9): CDbMigration->addForeignKey('user_id', 'tbl_category', 'user_id', 'tbl_user', 'id', 'no action', 'no action')
#3 /Applications/XAMPP/xamppfiles/htdocs/yii/framework/cli/commands/MigrateCommand.php(386): m120901_101018_add_foreign_keys_to_tbl_category->up()
#4 /Applications/XAMPP/xamppfiles/htdocs/yii/framework/cli/commands/MigrateCommand.php(110): MigrateCommand->migrateUp('m120901_101018_...')
#5 [internal function]: MigrateCommand->actionUp(Array)
#6 /Applications/XAMPP/xamppfiles/htdocs/yii/framework/console/CConsoleCommand.php(173): ReflectionMethod->invokeArgs(Object(MigrateCommand), Array)
#7 /Applications/XAMPP/xamppfiles/htdocs/yii/framework/console/CConsoleCommandRunner.php(68): CConsoleCommand->run(Array)
#8 /Applications/XAMPP/xamppfiles/htdocs/yii/framework/console/CConsoleApplication.php(92): CConsoleCommandRunner->run(Array)
#9 /Applications/XAMPP/xamppfiles/htdocs/yii/framework/base/CApplication.php(162): CConsoleApplication->processRequest()
#10 /Applications/XAMPP/xamppfiles/htdocs/yii/framework/yiic.php(34): CApplication->run()
#11 /Applications/XAMPP/xamppfiles/htdocs/breastfeeding/protected/yiic.php(7): require_once('/Applications/X...')
#12 /Applications/XAMPP/xamppfiles/htdocs/breastfeeding/protected/yiic(4): require_once('/Applications/X...')
#13 {main}
---
2012/09/01 13:14:35 [error] [system.db.CDbCommand] CDbCommand::fetchAll() failed: SQLSTATE[42S02]: Base table or view not found: 1146 Table 'breastfeeding_dev.tbl_migration' doesn't exist. The SQL statement executed was: SHOW COLUMNS FROM `tbl_migration`.
2012/09/01 13:35:45 [error] [system.db.CDbCommand] CDbCommand::execute() failed: SQLSTATE[42000]: Syntax error or access violation: 1072 Key column 'category_id' doesn't exist in table. The SQL statement executed was: ALTER TABLE `tbl_comment` ADD CONSTRAINT `thread_id_comment` FOREIGN KEY (`category_id`) REFERENCES `tbl_thread` (`id`) ON DELETE cascade ON UPDATE no action.
2012/09/01 13:35:45 [error] [exception.CDbException] exception 'CDbException' with message 'CDbCommand failed to execute the SQL statement: SQLSTATE[42000]: Syntax error or access violation: 1072 Key column 'category_id' doesn't exist in table. The SQL statement executed was: ALTER TABLE `tbl_comment` ADD CONSTRAINT `thread_id_comment` FOREIGN KEY (`category_id`) REFERENCES `tbl_thread` (`id`) ON DELETE cascade ON UPDATE no action' in /Applications/XAMPP/xamppfiles/htdocs/yii/framework/db/CDbCommand.php:354
Stack trace:
#0 /Applications/XAMPP/xamppfiles/htdocs/yii/framework/db/CDbCommand.php(1362): CDbCommand->execute()
#1 /Applications/XAMPP/xamppfiles/htdocs/yii/framework/db/CDbMigration.php(344): CDbCommand->addForeignKey('thread_id_comme...', 'tbl_comment', 'category_id', 'tbl_thread', 'id', 'cascade', 'no action')
#2 /Applications/XAMPP/xamppfiles/htdocs/breastfeeding/protected/migrations/m120901_103018_add_foreign_keys_to_tbl_comment.php(12): CDbMigration->addForeignKey('thread_id_comme...', 'tbl_comment', 'category_id', 'tbl_thread', 'id', 'cascade', 'no action')
#3 /Applications/XAMPP/xamppfiles/htdocs/yii/framework/cli/commands/MigrateCommand.php(386): m120901_103018_add_foreign_keys_to_tbl_comment->up()
#4 /Applications/XAMPP/xamppfiles/htdocs/yii/framework/cli/commands/MigrateCommand.php(110): MigrateCommand->migrateUp('m120901_103018_...')
#5 [internal function]: MigrateCommand->actionUp(Array)
#6 /Applications/XAMPP/xamppfiles/htdocs/yii/framework/console/CConsoleCommand.php(173): ReflectionMethod->invokeArgs(Object(MigrateCommand), Array)
#7 /Applications/XAMPP/xamppfiles/htdocs/yii/framework/console/CConsoleCommandRunner.php(68): CConsoleCommand->run(Array)
#8 /Applications/XAMPP/xamppfiles/htdocs/yii/framework/console/CConsoleApplication.php(92): CConsoleCommandRunner->run(Array)
#9 /Applications/XAMPP/xamppfiles/htdocs/yii/framework/base/CApplication.php(162): CConsoleApplication->processRequest()
#10 /Applications/XAMPP/xamppfiles/htdocs/yii/framework/yiic.php(34): CApplication->run()
#11 /Applications/XAMPP/xamppfiles/htdocs/breastfeeding/protected/yiic.php(7): require_once('/Applications/X...')
#12 /Applications/XAMPP/xamppfiles/htdocs/breastfeeding/protected/yiic(4): require_once('/Applications/X...')
#13 {main}
---
2012/09/01 13:36:14 [error] [system.db.CDbCommand] CDbCommand::execute() failed: SQLSTATE[HY000]: General error: 1005 Can't create table 'breastfeeding_dev.#sql-3cc_21' (errno: 121). The SQL statement executed was: ALTER TABLE `tbl_comment` ADD CONSTRAINT `user_id_comment` FOREIGN KEY (`user_id`) REFERENCES `tbl_user` (`id`) ON DELETE no action ON UPDATE no action.
2012/09/01 13:36:14 [error] [exception.CDbException] exception 'CDbException' with message 'CDbCommand failed to execute the SQL statement: SQLSTATE[HY000]: General error: 1005 Can't create table 'breastfeeding_dev.#sql-3cc_21' (errno: 121). The SQL statement executed was: ALTER TABLE `tbl_comment` ADD CONSTRAINT `user_id_comment` FOREIGN KEY (`user_id`) REFERENCES `tbl_user` (`id`) ON DELETE no action ON UPDATE no action' in /Applications/XAMPP/xamppfiles/htdocs/yii/framework/db/CDbCommand.php:354
Stack trace:
#0 /Applications/XAMPP/xamppfiles/htdocs/yii/framework/db/CDbCommand.php(1362): CDbCommand->execute()
#1 /Applications/XAMPP/xamppfiles/htdocs/yii/framework/db/CDbMigration.php(344): CDbCommand->addForeignKey('user_id_comment', 'tbl_comment', 'user_id', 'tbl_user', 'id', 'no action', 'no action')
#2 /Applications/XAMPP/xamppfiles/htdocs/breastfeeding/protected/migrations/m120901_103018_add_foreign_keys_to_tbl_comment.php(9): CDbMigration->addForeignKey('user_id_comment', 'tbl_comment', 'user_id', 'tbl_user', 'id', 'no action', 'no action')
#3 /Applications/XAMPP/xamppfiles/htdocs/yii/framework/cli/commands/MigrateCommand.php(386): m120901_103018_add_foreign_keys_to_tbl_comment->up()
#4 /Applications/XAMPP/xamppfiles/htdocs/yii/framework/cli/commands/MigrateCommand.php(110): MigrateCommand->migrateUp('m120901_103018_...')
#5 [internal function]: MigrateCommand->actionUp(Array)
#6 /Applications/XAMPP/xamppfiles/htdocs/yii/framework/console/CConsoleCommand.php(173): ReflectionMethod->invokeArgs(Object(MigrateCommand), Array)
#7 /Applications/XAMPP/xamppfiles/htdocs/yii/framework/console/CConsoleCommandRunner.php(68): CConsoleCommand->run(Array)
#8 /Applications/XAMPP/xamppfiles/htdocs/yii/framework/console/CConsoleApplication.php(92): CConsoleCommandRunner->run(Array)
#9 /Applications/XAMPP/xamppfiles/htdocs/yii/framework/base/CApplication.php(162): CConsoleApplication->processRequest()
#10 /Applications/XAMPP/xamppfiles/htdocs/yii/framework/yiic.php(34): CApplication->run()
#11 /Applications/XAMPP/xamppfiles/htdocs/breastfeeding/protected/yiic.php(7): require_once('/Applications/X...')
#12 /Applications/XAMPP/xamppfiles/htdocs/breastfeeding/protected/yiic(4): require_once('/Applications/X...')
#13 {main}
---
2012/09/01 13:36:49 [error] [system.db.CDbCommand] CDbCommand::fetchAll() failed: SQLSTATE[42S02]: Base table or view not found: 1146 Table 'breastfeeding_dev.tbl_migration' doesn't exist. The SQL statement executed was: SHOW COLUMNS FROM `tbl_migration`.
2012/09/01 13:41:27 [error] [system.db.CDbCommand] CDbCommand::execute() failed: SQLSTATE[42000]: Syntax error or access violation: 1064 You have an error in your SQL syntax; check the manual that corresponds to your MySQL server version for the right syntax to use near 'inetger not null,
	`name` varchar(200) not null,
	`picture_path` text,
	`price` ' at line 3. The SQL statement executed was: CREATE TABLE `tbl_product` (
	`id` int(11) NOT NULL AUTO_INCREMENT PRIMARY KEY auto_increment,
	`user_id` inetger not null,
	`name` varchar(200) not null,
	`picture_path` text,
	`price` integer(32) not null,
	`available` tinyint(1) default false
).
2012/09/01 13:41:27 [error] [exception.CDbException] exception 'CDbException' with message 'CDbCommand failed to execute the SQL statement: SQLSTATE[42000]: Syntax error or access violation: 1064 You have an error in your SQL syntax; check the manual that corresponds to your MySQL server version for the right syntax to use near 'inetger not null,
	`name` varchar(200) not null,
	`picture_path` text,
	`price` ' at line 3. The SQL statement executed was: CREATE TABLE `tbl_product` (
	`id` int(11) NOT NULL AUTO_INCREMENT PRIMARY KEY auto_increment,
	`user_id` inetger not null,
	`name` varchar(200) not null,
	`picture_path` text,
	`price` integer(32) not null,
	`available` tinyint(1) default false
)' in /Applications/XAMPP/xamppfiles/htdocs/yii/framework/db/CDbCommand.php:354
Stack trace:
#0 /Applications/XAMPP/xamppfiles/htdocs/yii/framework/db/CDbCommand.php(1251): CDbCommand->execute()
#1 /Applications/XAMPP/xamppfiles/htdocs/yii/framework/db/CDbMigration.php(229): CDbCommand->createTable('tbl_product', Array, NULL)
#2 /Applications/XAMPP/xamppfiles/htdocs/breastfeeding/protected/migrations/m120901_103723_create_tbl_products.php(14): CDbMigration->createTable('tbl_product', Array)
#3 /Applications/XAMPP/xamppfiles/htdocs/yii/framework/cli/commands/MigrateCommand.php(386): m120901_103723_create_tbl_products->up()
#4 /Applications/XAMPP/xamppfiles/htdocs/yii/framework/cli/commands/MigrateCommand.php(110): MigrateCommand->migrateUp('m120901_103723_...')
#5 [internal function]: MigrateCommand->actionUp(Array)
#6 /Applications/XAMPP/xamppfiles/htdocs/yii/framework/console/CConsoleCommand.php(173): ReflectionMethod->invokeArgs(Object(MigrateCommand), Array)
#7 /Applications/XAMPP/xamppfiles/htdocs/yii/framework/console/CConsoleCommandRunner.php(68): CConsoleCommand->run(Array)
#8 /Applications/XAMPP/xamppfiles/htdocs/yii/framework/console/CConsoleApplication.php(92): CConsoleCommandRunner->run(Array)
#9 /Applications/XAMPP/xamppfiles/htdocs/yii/framework/base/CApplication.php(162): CConsoleApplication->processRequest()
#10 /Applications/XAMPP/xamppfiles/htdocs/yii/framework/yiic.php(34): CApplication->run()
#11 /Applications/XAMPP/xamppfiles/htdocs/breastfeeding/protected/yiic.php(7): require_once('/Applications/X...')
#12 /Applications/XAMPP/xamppfiles/htdocs/breastfeeding/protected/yiic(4): require_once('/Applications/X...')
#13 {main}
---
2012/09/01 13:43:28 [error] [system.db.CDbCommand] CDbCommand::fetchAll() failed: SQLSTATE[42S02]: Base table or view not found: 1146 Table 'breastfeeding_dev.tbl_migration' doesn't exist. The SQL statement executed was: SHOW COLUMNS FROM `tbl_migration`.
2012/09/01 13:48:36 [error] [system.db.CDbCommand] CDbCommand::fetchAll() failed: SQLSTATE[42S02]: Base table or view not found: 1146 Table 'breastfeeding_dev.tbl_migration' doesn't exist. The SQL statement executed was: SHOW COLUMNS FROM `tbl_migration`.
2012/09/01 13:48:38 [error] [system.db.CDbCommand] CDbCommand::execute() failed: SQLSTATE[42000]: Syntax error or access violation: 1064 You have an error in your SQL syntax; check the manual that corresponds to your MySQL server version for the right syntax to use near 'not null varchar(100),
	`password` not null varchar(100),
	`dob` datetime,
	`dat' at line 8. The SQL statement executed was: CREATE TABLE `tbl_user` (
	`id` int(11) NOT NULL AUTO_INCREMENT PRIMARY KEY AUTO_INCREMENT,
	`info` text,
	`first_name` varchar(50) not null,
	`last_name` varchar(50) not null,
	`email` varchar(200) not null,
	`confirmed_email` tinyint(1),
	`username` not null varchar(100),
	`password` not null varchar(100),
	`dob` datetime,
	`date_joined` datetime,
	`picture_path` text
).
2012/09/01 13:48:38 [error] [exception.CDbException] exception 'CDbException' with message 'CDbCommand failed to execute the SQL statement: SQLSTATE[42000]: Syntax error or access violation: 1064 You have an error in your SQL syntax; check the manual that corresponds to your MySQL server version for the right syntax to use near 'not null varchar(100),
	`password` not null varchar(100),
	`dob` datetime,
	`dat' at line 8. The SQL statement executed was: CREATE TABLE `tbl_user` (
	`id` int(11) NOT NULL AUTO_INCREMENT PRIMARY KEY AUTO_INCREMENT,
	`info` text,
	`first_name` varchar(50) not null,
	`last_name` varchar(50) not null,
	`email` varchar(200) not null,
	`confirmed_email` tinyint(1),
	`username` not null varchar(100),
	`password` not null varchar(100),
	`dob` datetime,
	`date_joined` datetime,
	`picture_path` text
)' in /Applications/XAMPP/xamppfiles/htdocs/yii/framework/db/CDbCommand.php:354
Stack trace:
#0 /Applications/XAMPP/xamppfiles/htdocs/yii/framework/db/CDbCommand.php(1251): CDbCommand->execute()
#1 /Applications/XAMPP/xamppfiles/htdocs/yii/framework/db/CDbMigration.php(229): CDbCommand->createTable('tbl_user', Array, NULL)
#2 /Applications/XAMPP/xamppfiles/htdocs/breastfeeding/protected/migrations/m120901_090838_create_table_user.php(20): CDbMigration->createTable('tbl_user', Array)
#3 /Applications/XAMPP/xamppfiles/htdocs/yii/framework/cli/commands/MigrateCommand.php(386): m120901_090838_create_table_user->up()
#4 /Applications/XAMPP/xamppfiles/htdocs/yii/framework/cli/commands/MigrateCommand.php(110): MigrateCommand->migrateUp('m120901_090838_...')
#5 [internal function]: MigrateCommand->actionUp(Array)
#6 /Applications/XAMPP/xamppfiles/htdocs/yii/framework/console/CConsoleCommand.php(173): ReflectionMethod->invokeArgs(Object(MigrateCommand), Array)
#7 /Applications/XAMPP/xamppfiles/htdocs/yii/framework/console/CConsoleCommandRunner.php(68): CConsoleCommand->run(Array)
#8 /Applications/XAMPP/xamppfiles/htdocs/yii/framework/console/CConsoleApplication.php(92): CConsoleCommandRunner->run(Array)
#9 /Applications/XAMPP/xamppfiles/htdocs/yii/framework/base/CApplication.php(162): CConsoleApplication->processRequest()
#10 /Applications/XAMPP/xamppfiles/htdocs/yii/framework/yiic.php(34): CApplication->run()
#11 /Applications/XAMPP/xamppfiles/htdocs/breastfeeding/protected/yiic.php(7): require_once('/Applications/X...')
#12 /Applications/XAMPP/xamppfiles/htdocs/breastfeeding/protected/yiic(4): require_once('/Applications/X...')
#13 {main}
---
